system          > 
system          > ConTeXt  ver: 2023.03.20 17:07 LMTX  fmt: 2023.3.28  int: english/english
system          > 
system          > 'cont-new.mkxl' loaded
open source     > level 1, order 1, name '/home/garfileo/opt/context/tex/texmf-context/tex/context/base/mkxl/cont-new.mkxl'
system          > beware: some patches loaded from cont-new.mkiv
close source    > level 1, order 1, name '/home/garfileo/opt/context/tex/texmf-context/tex/context/base/mkxl/cont-new.mkxl'
system          > files > jobname './slides', input './slides.tex', result './slides'
fonts           > latin modern fonts are not preloaded
languages       > language 'en' is active
open source     > level 1, order 2, name './slides.tex'
open source     > level 2, order 3, name 'style.tex'
fonts           > bodyfont '16pt' is defined (can better be done global)
fonts           > bodyfont '19.2pt' is defined (can better be done global)
fonts           > bodyfont '12.8pt' is defined (can better be done global)
fonts           > preloading modern (math)
fonts           > 'fallback modern mm 16pt' is loaded
fonts           > preloading modern (mono)
fonts           > 'fallback modern tt 16pt' is loaded
fonts           > defining > font 'simhei', feature 'vert', script 'hani', no language 'dflt'
close source    > level 2, order 3, name 'style.tex'
fonts           > defining > font 'simhei', feature 'vert', script 'hani', no language 'dflt'
fonts           > defining > font 'simhei', feature 'vert', script 'hani', no language 'dflt'
backend         > xmp > using file '/home/garfileo/opt/context/tex/texmf-context/tex/context/base/mkiv/lpdf-pdx.xml'
pages           > flushing realpage 1, userpage 1, subpage 1
structure       > sectioning > chapter @ level 2 : 0.1 -> 蒙
metapost        > initializing instance 'metafun:1' using format 'metafun' and method 'double'
metapost        > loading 'metafun' as '/home/garfileo/opt/context/tex/texmf-context/metapost/context/base/mpxl/metafun.mpxl' using method 'double'
metapost        > initializing number mode 'double'
metapost        > trace > This is MPLIB for LuaMetaTeX, version 3.14, running in double mode.
metapost        > trace > 
metapost        > trace > loading metafun for lmtx, including the plain 1.004 base definitions
metapost        > trace > 
pages           > flushing realpage 2, userpage 1, subpage 2
structure       > sectioning > chapter @ level 2 : 0.2 -> 蒙
pages           > flushing realpage 3, userpage 2, subpage 3
structure       > sectioning > chapter @ level 2 : 0.3 -> 蒙
pages           > flushing realpage 4, userpage 3, subpage 4
structure       > sectioning > chapter @ level 2 : 0.4 -> 蒙
pages           > flushing realpage 5, userpage 4, subpage 5
structure       > sectioning > chapter @ level 2 : 0.5 -> 蒙
pages           > flushing realpage 6, userpage 5, subpage 6
structure       > sectioning > chapter @ level 2 : 0.6 -> 蒙
pages           > flushing realpage 7, userpage 6, subpage 7
structure       > sectioning > chapter @ level 2 : 0.7 -> 蒙
pages           > flushing realpage 8, userpage 7, subpage 8
structure       > sectioning > chapter @ level 2 : 0.8 -> 蒙
pages           > flushing realpage 9, userpage 8, subpage 9
structure       > sectioning > chapter @ level 2 : 0.9 -> 蒙
pages           > flushing realpage 10, userpage 9, subpage 10
structure       > sectioning > chapter @ level 2 : 0.10 -> 蒙
pages           > flushing realpage 11, userpage 10, subpage 11
structure       > sectioning > chapter @ level 2 : 0.11 -> 蒙
pages           > flushing realpage 12, userpage 11, subpage 12
structure       > sectioning > chapter @ level 2 : 0.12 -> 蒙
pages           > flushing realpage 13, userpage 12, subpage 13
structure       > sectioning > chapter @ level 2 : 0.13 -> 蒙
pages           > flushing realpage 14, userpage 13, subpage 14
structure       > sectioning > chapter @ level 2 : 0.14 -> 蒙
pages           > flushing realpage 15, userpage 14, subpage 15
structure       > sectioning > chapter @ level 2 : 0.15 -> 蒙
pages           > flushing realpage 16, userpage 15, subpage 16
structure       > sectioning > chapter @ level 2 : 0.16 -> 蒙
pages           > flushing realpage 17, userpage 16, subpage 17
structure       > sectioning > chapter @ level 2 : 0.17 -> 蒙
pages           > flushing realpage 18, userpage 17, subpage 18
structure       > sectioning > chapter @ level 2 : 0.18 -> 蒙
pages           > flushing realpage 19, userpage 18, subpage 19
structure       > sectioning > chapter @ level 2 : 0.19 -> 蒙
pages           > flushing realpage 20, userpage 19, subpage 20
structure       > sectioning > chapter @ level 2 : 0.20 -> 蒙
pages           > flushing realpage 21, userpage 20, subpage 21
structure       > sectioning > chapter @ level 2 : 0.21 -> 蒙
pages           > flushing realpage 22, userpage 21, subpage 22
structure       > sectioning > chapter @ level 2 : 0.22 -> 蒙
pages           > flushing realpage 23, userpage 22, subpage 23
structure       > sectioning > chapter @ level 2 : 0.23 -> 蒙
pages           > flushing realpage 24, userpage 23, subpage 24
structure       > sectioning > chapter @ level 2 : 0.24 -> 蒙
pages           > flushing realpage 25, userpage 24, subpage 25
structure       > sectioning > chapter @ level 2 : 0.25 -> 蒙
pages           > flushing realpage 26, userpage 25, subpage 26
structure       > sectioning > chapter @ level 2 : 0.26 -> 蒙
pages           > flushing realpage 27, userpage 26, subpage 27
structure       > sectioning > chapter @ level 2 : 0.27 -> 蒙
pages           > flushing realpage 28, userpage 27, subpage 28
structure       > sectioning > chapter @ level 2 : 0.28 -> 蒙
pages           > flushing realpage 29, userpage 28, subpage 29
structure       > sectioning > chapter @ level 2 : 0.29 -> 蒙
pages           > flushing realpage 30, userpage 29, subpage 30
structure       > sectioning > chapter @ level 2 : 0.30 -> 蒙
pages           > flushing realpage 31, userpage 30, subpage 31
structure       > sectioning > chapter @ level 2 : 0.31 -> 蒙
pages           > flushing realpage 32, userpage 31, subpage 32
structure       > sectioning > chapter @ level 2 : 0.32 -> 蒙
pages           > flushing realpage 33, userpage 32, subpage 33
structure       > sectioning > chapter @ level 2 : 0.33 -> 蒙
pages           > flushing realpage 34, userpage 33, subpage 34
structure       > sectioning > chapter @ level 2 : 0.34 -> 蒙
pages           > flushing realpage 35, userpage 34, subpage 35
structure       > sectioning > chapter @ level 2 : 0.35 -> 蒙
pages           > flushing realpage 36, userpage 35, subpage 36
structure       > sectioning > chapter @ level 2 : 0.36 -> 蒙
pages           > flushing realpage 37, userpage 36, subpage 37
structure       > sectioning > chapter @ level 2 : 0.37 -> 蒙
pages           > flushing realpage 38, userpage 37, subpage 38
structure       > sectioning > chapter @ level 2 : 0.38 -> 蒙
pages           > flushing realpage 39, userpage 38, subpage 39
structure       > sectioning > chapter @ level 2 : 0.39 -> 蒙
pages           > flushing realpage 40, userpage 39, subpage 40
structure       > sectioning > chapter @ level 2 : 0.40 -> 蒙
pages           > flushing realpage 41, userpage 40, subpage 41
structure       > sectioning > chapter @ level 2 : 0.41 -> 蒙
pages           > flushing realpage 42, userpage 41, subpage 42
structure       > sectioning > chapter @ level 2 : 0.42 -> 蒙
pages           > flushing realpage 43, userpage 42, subpage 43
structure       > sectioning > chapter @ level 2 : 0.43 -> 蒙
pages           > flushing realpage 44, userpage 43, subpage 44
structure       > sectioning > chapter @ level 2 : 0.44 -> 蒙
pages           > flushing realpage 45, userpage 44, subpage 45
structure       > sectioning > chapter @ level 2 : 0.45 -> 蒙
pages           > flushing realpage 46, userpage 45, subpage 46
structure       > sectioning > chapter @ level 2 : 0.46 -> 蒙
pages           > flushing realpage 47, userpage 46, subpage 47
structure       > sectioning > chapter @ level 2 : 0.47 -> 蒙
pages           > flushing realpage 48, userpage 47, subpage 48
structure       > sectioning > chapter @ level 2 : 0.48 -> 蒙
pages           > flushing realpage 49, userpage 48, subpage 49
structure       > sectioning > chapter @ level 2 : 0.49 -> 蒙
pages           > flushing realpage 50, userpage 49, subpage 50
structure       > sectioning > chapter @ level 2 : 0.50 -> 蒙
pages           > flushing realpage 51, userpage 50, subpage 51
pages           > flushing realpage 52, userpage 51, subpage 52
close source    > level 1, order 3, name './slides.tex'
system          > start used files
system          > text: slides
system          > stop used files
system          > start used files
system          >    1: filename=publ-imp-default.lua filetype=scripts foundname=/home/garfileo/opt/context/tex/texmf-context/tex/context/base/mkiv/publ-imp-default.lua fullname=/home/garfileo/opt/context/tex/texmf-context/tex/context/base/mkiv/publ-imp-default.lua usedmethod=database
system          >    2: filename=cont-new.mkxl filetype=tex foundname=/home/garfileo/opt/context/tex/texmf-context/tex/context/base/mkxl/cont-new.mkxl fullname=/home/garfileo/opt/context/tex/texmf-context/tex/context/base/mkxl/cont-new.mkxl usedmethod=database
system          >    3: filename=lang-exc.lua filetype=scripts foundname=/home/garfileo/opt/context/tex/texmf-context/tex/context/base/mkiv/lang-exc.lua fullname=/home/garfileo/opt/context/tex/texmf-context/tex/context/base/mkiv/lang-exc.lua usedmethod=database
system          >    4: filename=lang-us.lua filetype=scripts foundname=/home/garfileo/opt/context/tex/texmf-context/tex/context/patterns/mkiv/lang-us.lua fullname=/home/garfileo/opt/context/tex/texmf-context/tex/context/patterns/mkiv/lang-us.lua usedmethod=database
system          >    5: filename=/home/garfileo/public/ConTeXt-notes/src/example/slides.tex format=tex foundname=/home/garfileo/public/ConTeXt-notes/src/example/slides.tex fullname=/home/garfileo/public/ConTeXt-notes/src/example/slides.tex usedmethod=direct
system          >    6: filename=style.tex format=tex foundname=style.tex fullname=/home/garfileo/public/ConTeXt-notes/src/example/style.tex usedmethod=direct
system          >    7: filename=lm.lfg filetype=tex foundname=/home/garfileo/opt/context/tex/texmf-context/tex/context/fonts/mkiv/lm.lfg fullname=/home/garfileo/opt/context/tex/texmf-context/tex/context/fonts/mkiv/lm.lfg usedmethod=database
system          >    8: filename=simhei.ttf filetype=ttf format=ttf foundname=/home/garfileo/opt/context/tex/texmf-local/fonts/truetype/msfonts/simhei.ttf fullname=/home/garfileo/opt/context/tex/texmf-local/fonts/truetype/msfonts/simhei.ttf usedmethod=database
system          >    9: filename=lmsans10-regular.otf filetype=otf format=otf foundname=/home/garfileo/opt/context/tex/texmf/fonts/data/gust/lm/lmsans10-regular.otf fullname=/home/garfileo/opt/context/tex/texmf/fonts/data/gust/lm/lmsans10-regular.otf usedmethod=database
system          >   10: filename=latinmodern-math.otf filetype=otf format=otf foundname=/home/garfileo/opt/context/tex/texmf/fonts/data/gust/lm/latinmodern-math.otf fullname=/home/garfileo/opt/context/tex/texmf/fonts/data/gust/lm/latinmodern-math.otf usedmethod=database
system          >   11: filename=modern-math.lfg filetype=tex foundname=/home/garfileo/opt/context/tex/texmf-context/tex/context/fonts/mkiv/modern-math.lfg fullname=/home/garfileo/opt/context/tex/texmf-context/tex/context/fonts/mkiv/modern-math.lfg usedmethod=database
system          >   12: filename=common-math.lfg filetype=tex foundname=/home/garfileo/opt/context/tex/texmf-context/tex/context/fonts/mkiv/common-math.lfg fullname=/home/garfileo/opt/context/tex/texmf-context/tex/context/fonts/mkiv/common-math.lfg usedmethod=database
system          >   13: filename=lpdf-pdx.xml filetype=tex foundname=/home/garfileo/opt/context/tex/texmf-context/tex/context/base/mkiv/lpdf-pdx.xml fullname=/home/garfileo/opt/context/tex/texmf-context/tex/context/base/mkiv/lpdf-pdx.xml usedmethod=database
system          >   14: filename=metafun.mpxl filetype=mp foundname=/home/garfileo/opt/context/tex/texmf-context/metapost/context/base/mpxl/metafun.mpxl fullname=/home/garfileo/opt/context/tex/texmf-context/metapost/context/base/mpxl/metafun.mpxl usedmethod=database
system          >   15: filename=mp-base.mpxl filetype=mp foundname=/home/garfileo/opt/context/tex/texmf-context/metapost/context/base/mpxl/mp-base.mpxl fullname=/home/garfileo/opt/context/tex/texmf-context/metapost/context/base/mpxl/mp-base.mpxl usedmethod=database
system          >   16: filename=mp-tool.mpxl filetype=mp foundname=/home/garfileo/opt/context/tex/texmf-context/metapost/context/base/mpxl/mp-tool.mpxl fullname=/home/garfileo/opt/context/tex/texmf-context/metapost/context/base/mpxl/mp-tool.mpxl usedmethod=database
system          >   17: filename=mp-luas.mpxl filetype=mp foundname=/home/garfileo/opt/context/tex/texmf-context/metapost/context/base/mpxl/mp-luas.mpxl fullname=/home/garfileo/opt/context/tex/texmf-context/metapost/context/base/mpxl/mp-luas.mpxl usedmethod=database
system          >   18: filename=mp-mlib.mpxl filetype=mp foundname=/home/garfileo/opt/context/tex/texmf-context/metapost/context/base/mpxl/mp-mlib.mpxl fullname=/home/garfileo/opt/context/tex/texmf-context/metapost/context/base/mpxl/mp-mlib.mpxl usedmethod=database
system          >   19: filename=mp-math.mpxl filetype=mp foundname=/home/garfileo/opt/context/tex/texmf-context/metapost/context/base/mpxl/mp-math.mpxl fullname=/home/garfileo/opt/context/tex/texmf-context/metapost/context/base/mpxl/mp-math.mpxl usedmethod=database
system          >   20: filename=mp-cont.mpxl filetype=mp foundname=/home/garfileo/opt/context/tex/texmf-context/metapost/context/base/mpxl/mp-cont.mpxl fullname=/home/garfileo/opt/context/tex/texmf-context/metapost/context/base/mpxl/mp-cont.mpxl usedmethod=database
system          >   21: filename=mp-page.mpxl filetype=mp foundname=/home/garfileo/opt/context/tex/texmf-context/metapost/context/base/mpxl/mp-page.mpxl fullname=/home/garfileo/opt/context/tex/texmf-context/metapost/context/base/mpxl/mp-page.mpxl usedmethod=database
system          >   22: filename=mp-butt.mpxl filetype=mp foundname=/home/garfileo/opt/context/tex/texmf-context/metapost/context/base/mpxl/mp-butt.mpxl fullname=/home/garfileo/opt/context/tex/texmf-context/metapost/context/base/mpxl/mp-butt.mpxl usedmethod=database
system          >   23: filename=mp-shap.mpxl filetype=mp foundname=/home/garfileo/opt/context/tex/texmf-context/metapost/context/base/mpxl/mp-shap.mpxl fullname=/home/garfileo/opt/context/tex/texmf-context/metapost/context/base/mpxl/mp-shap.mpxl usedmethod=database
system          >   24: filename=mp-grph.mpxl filetype=mp foundname=/home/garfileo/opt/context/tex/texmf-context/metapost/context/base/mpxl/mp-grph.mpxl fullname=/home/garfileo/opt/context/tex/texmf-context/metapost/context/base/mpxl/mp-grph.mpxl usedmethod=database
system          >   25: filename=mp-grid.mpxl filetype=mp foundname=/home/garfileo/opt/context/tex/texmf-context/metapost/context/base/mpxl/mp-grid.mpxl fullname=/home/garfileo/opt/context/tex/texmf-context/metapost/context/base/mpxl/mp-grid.mpxl usedmethod=database
system          >   26: filename=mp-form.mpxl filetype=mp foundname=/home/garfileo/opt/context/tex/texmf-context/metapost/context/base/mpxl/mp-form.mpxl fullname=/home/garfileo/opt/context/tex/texmf-context/metapost/context/base/mpxl/mp-form.mpxl usedmethod=database
system          >   27: filename=mp-figs.mpxl filetype=mp foundname=/home/garfileo/opt/context/tex/texmf-context/metapost/context/base/mpxl/mp-figs.mpxl fullname=/home/garfileo/opt/context/tex/texmf-context/metapost/context/base/mpxl/mp-figs.mpxl usedmethod=database
system          >   28: filename=mp-func.mpxl filetype=mp foundname=/home/garfileo/opt/context/tex/texmf-context/metapost/context/base/mpxl/mp-func.mpxl fullname=/home/garfileo/opt/context/tex/texmf-context/metapost/context/base/mpxl/mp-func.mpxl usedmethod=database
system          >   29: filename=mp-node.mpxl filetype=mp foundname=/home/garfileo/opt/context/tex/texmf-context/metapost/context/base/mpxl/mp-node.mpxl fullname=/home/garfileo/opt/context/tex/texmf-context/metapost/context/base/mpxl/mp-node.mpxl usedmethod=database
system          >   30: filename=mp-apos.mpxl filetype=mp foundname=/home/garfileo/opt/context/tex/texmf-context/metapost/context/base/mpxl/mp-apos.mpxl fullname=/home/garfileo/opt/context/tex/texmf-context/metapost/context/base/mpxl/mp-apos.mpxl usedmethod=database
system          >   31: filename=mp-abck.mpxl filetype=mp foundname=/home/garfileo/opt/context/tex/texmf-context/metapost/context/base/mpxl/mp-abck.mpxl fullname=/home/garfileo/opt/context/tex/texmf-context/metapost/context/base/mpxl/mp-abck.mpxl usedmethod=database
system          >   32: filename=mp-asnc.mpxl filetype=mp foundname=/home/garfileo/opt/context/tex/texmf-context/metapost/context/base/mpxl/mp-asnc.mpxl fullname=/home/garfileo/opt/context/tex/texmf-context/metapost/context/base/mpxl/mp-asnc.mpxl usedmethod=database
system          >   33: filename=mp-blob.mpxl filetype=mp foundname=/home/garfileo/opt/context/tex/texmf-context/metapost/context/base/mpxl/mp-blob.mpxl fullname=/home/garfileo/opt/context/tex/texmf-context/metapost/context/base/mpxl/mp-blob.mpxl usedmethod=database
system          >   34: filename=mp-lmtx.mpxl filetype=mp foundname=/home/garfileo/opt/context/tex/texmf-context/metapost/context/base/mpxl/mp-lmtx.mpxl fullname=/home/garfileo/opt/context/tex/texmf-context/metapost/context/base/mpxl/mp-lmtx.mpxl usedmethod=database
system          >   35: filename=mp-text.mpxl filetype=mp foundname=/home/garfileo/opt/context/tex/texmf-context/metapost/context/base/mpxl/mp-text.mpxl fullname=/home/garfileo/opt/context/tex/texmf-context/metapost/context/base/mpxl/mp-text.mpxl usedmethod=database
system          > stop used files
system          > start commandline options
system          > currentrun="1"
system          > fulljobname="./slides.tex"
system          > input="./slides.tex"
system          > kindofrun="1"
system          > maxnofruns="9"
system          > texmfbinpath="/home/garfileo/opt/context/tex/texmf-linux-64/bin"
system          > stop commandline options
system          > start commandline files
system          >    1: ./slides.tex
system          > stop commandline files
modules         > start used modules
modules         > stop used modules
system          > 
system          > status after finishing run
system          > 
system          >   -----------------------------------------------------------------------------------------------------------------------------------------------------------------------------------
system          >           string       pool       hash     lookup       node      token     buffer      input       file       nest  parameter       save       font   language       mark     insert
system          >   -----------------------------------------------------------------------------------------------------------------------------------------------------------------------------------
system          >   max    2097152  100000000    2097152    2097152  100000000   10000000  100000000     100000       2000      10000     100000     500000     100000      10000      10000        500
system          >   min     150000   10000000     150000     150000    2000000    1000000    1000000      10000        500       1000      20000     100000        250        250         50         10
system          >   set     500000   10000000     250000     250000   50000000   10000000   10000000     100000       2000      10000     100000     500000     100000        250        250        250
system          >   stp     100000    1000000     100000     100000     500000     250000    1000000      10000        250       1000      10000      10000        250        250         50         25
system          > 
system          >   mem     150000     953429     150000               2000000    1000000    1000000      10000        500       1000      20000      10000    8813548         96       1200        320
system          >   all    2400000     953429    2400000              18000000    8000000    1000000     320000      16000      72000      80000     160000    8813548         96      28800      10240
system          > 
system          >   ini    2145309     911965          0      48141          0     528465                                                                                       0                      
system          >   ptr      50010                  9981      49994                627767          0          0          0          0          0          0          9          0         28          7
system          >   top      50011                740853     131074      14429     571482        481         56          7         21         51        688        250        250         50         10
system          >   -----------------------------------------------------------------------------------------------------------------------------------------------------------------------------------
system          > 
system          >   current input type    : initial
system          > 
system          >   approximate memory    : 46295873 (44 MB)
system          > 
system          >   expansion depth       : min: 10000, max: 1000000, set: 10000, top: 7
system          > 
system          >   luabytecode registers : 1008
system          >   luabytecode bytes     : 16144 (0 MB)
system          >   luastate bytes now    : 112572981 (107 MB)
system          >   luastate bytes max    : 112572981 (107 MB)
system          > 
system          >   file callbacks        : 685
system          >   saved callbacks       : 20302
system          >   direct callbacks      : 2
system          >   function callbacks    : 7482
system          >   value callbacks       : 53
system          >   message callbacks     : 0
system          >   bytecode callbacks    : 613
system          > 
system          >   mp instances          : 1
system          >   mp estimated memory   : 4114288 (3 MB)
system          >   mp file callbacks     : 16138
system          >   mp text callbacks     : 0
system          >   mp script callbacks   : 732
system          >   mp log callbacks      : 2113
system          > 
system          >   total callbacks       : 29137
system          >   mp total callbacks    : 18983
system          >   backend callbacks     : 0
system          > 
mkiv lua stats  > used config file: selfautoparent:/texmf/web2c/texmfcnf.lua
mkiv lua stats  > used cache path: /home/garfileo/opt/context/tex/texmf-cache/luametatex-cache/context/5fe67e0bfe781ce0dde776fb1556f32e
mkiv lua stats  > resource resolver: loadtime 0.005 seconds, 0 scans with scantime 0.000 seconds, 0 shared scans, 35 found files, scanned paths: <none>
mkiv lua stats  > stored bytecode data: 508 modules (0.228 sec), 105 tables (0.012 sec), 613 chunks (0.239 sec)
mkiv lua stats  > traced context: maxstack: 1678, freed: 2, unreachable: 1676
mkiv lua stats  > cleaned up reserved nodes: 77 nodes, 8 lists of 435
mkiv lua stats  > node memory usage: 9 attribute, 3 glue, 420 gluespec, 3 kern, 645 mathspec, 4 penalty, 2 temp
mkiv lua stats  > node list callback tasks: 13 unique task lists, 9 instances (re)created, 8000 calls
mkiv lua stats  > h-node processing time: 0.013 seconds including kernel
mkiv lua stats  > driver time: 0.078 seconds 
mkiv lua stats  > used backend: pdf
mkiv lua stats  > jobdata time: 0.006 seconds saving, 0.002 seconds loading
mkiv lua stats  > callbacks: file: 685, saved: 20302, direct: 2, function: 7482, value: 53, message: 0, bytecode: 613, late 0, total: 29137 (560 per page)
mkiv lua stats  > randomizer: resumed with value 0.99867764354027
mkiv lua stats  > v-node processing time: 0.019 seconds 
mkiv lua stats  > loaded patterns: en::1, load time: 0.000
mkiv lua stats  > loaded fonts: 3 files: simhei.ttf, latinmodern-math.otf, lmsans10-regular.otf
mkiv lua stats  > font engine: otf 3.133, afm 1.513, tfm 1.000, 9 instances, 4 shared in backend, 0 common vectors, 4 common hashes, load time 0.321 seconds 
mkiv lua stats  > body font sizes: defined: 10pt 11pt 12pt 14.4pt 17.3pt 20.7pt 4pt 5pt 6pt 7pt 8pt 9pt, undefined: 12.8pt 16pt 19.2pt
mkiv lua stats  > metapost: 0.110 seconds, loading: 0.031, execution: 0.096, n: 352, average: 0.001, instances: 1, luacalls: 18983 (file: 16138, text: 0, script: 732, log: 2113), memory: 3.924 M
mkiv lua stats  > math tweaking time: 0.031 seconds, 6 math goodie tables
mkiv lua stats  > font embedding time: 0.021 seconds, 2 fonts
mkiv lua stats  > result saved in file: slides.pdf, compresslevel 1, objectcompresslevel 3
mkiv lua stats  > positions: 4 collected, 0 deltas, 0 shared partials, 0 partial entries
mkiv lua stats  > used platform: linux-64, type: unix, binary subtree: texmf-linux-64
mkiv lua stats  > used engine: luametatex version: 2.1008, functionality level: 20230320, format id: 686, compiler: gcc
mkiv lua stats  > tex properties: 740853 hash slots used of 2097152, 49994 control sequences, approximate memory usage: 44 MB
mkiv lua stats  > lua properties: engine: lua 5.4, used memory: 112 MB, ctx: 107 MB, max: 107 MB, symbol mask: utf (τεχ)
mkiv lua stats  > runtime: 1.391 seconds, 52 processed pages, 52 shipped pages, 37.396 pages/second
