system          > 
system          > ConTeXt  ver: 2023.03.20 17:07 LMTX  fmt: 2023.3.28  int: english/english
system          > 
system          > 'cont-new.mkxl' loaded
open source     > level 1, order 1, name '/home/garfileo/opt/context/tex/texmf-context/tex/context/base/mkxl/cont-new.mkxl'
system          > beware: some patches loaded from cont-new.mkiv
close source    > level 1, order 1, name '/home/garfileo/opt/context/tex/texmf-context/tex/context/base/mkxl/cont-new.mkxl'
system          > files > jobname './ctxnotes', input './ctxnotes.tex', result './ctxnotes'
fonts           > latin modern fonts are not preloaded
languages       > language 'en' is active
open source     > level 1, order 2, name './ctxnotes.tex'
open source     > level 2, order 3, name 'doc-env.tex'
modules         > 'zhfonts' is loaded
open source     > level 3, order 4, name '/home/garfileo/opt/context/tex/texmf-local/tex/context/third/zhfonts/t-zhfonts.mkiv'
loading         > ConTeXt User Module / zhfonts
resolvers       > lua > loading file '/home/garfileo/opt/context/tex/texmf-local/tex/context/third/zhfonts/t-zhfonts.lua' succeeded
close source    > level 3, order 4, name '/home/garfileo/opt/context/tex/texmf-local/tex/context/third/zhfonts/t-zhfonts.mkiv'
open source     > level 3, order 5, name '/home/garfileo/opt/context/tex/texmf-context/tex/context/base/mkiv/colo-imp-svg.mkiv'
close source    > level 3, order 5, name '/home/garfileo/opt/context/tex/texmf-context/tex/context/base/mkiv/colo-imp-svg.mkiv'
colors          > system 'svg' is loaded
fonts           > beware: no fonts are loaded yet, using 'lm mono' in box
open source     > level 3, order 6, name 'bib-style.tex'
close source    > level 3, order 6, name 'bib-style.tex'
close source    > level 2, order 6, name 'doc-env.tex'
publications    > adding bib data to set 'default' from source 'ctxnotes.bib'
selectfont      > the requested font '' has no files for the 'tf' alternative, Latin Modern is used instead.
structures      > begin of sectionblock 'frontpart'
open source     > level 2, order 7, name 'cover.tex'
metapost        > initializing instance 'metafun:1' using format 'metafun' and method 'double'
metapost        > loading 'metafun' as '/home/garfileo/opt/context/tex/texmf-context/metapost/context/base/mpxl/metafun.mpxl' using method 'double'
metapost        > initializing number mode 'double'
metapost        > trace > This is MPLIB for LuaMetaTeX, version 3.14, running in double mode.
metapost        > trace > 
metapost        > trace > loading metafun for lmtx, including the plain 1.004 base definitions
metapost        > trace > 
backend         > xmp > using file '/home/garfileo/opt/context/tex/texmf-context/tex/context/base/mkiv/lpdf-pdx.xml'
pages           > flushing realpage 1, userpage 1, subpage 1
close source    > level 2, order 7, name 'cover.tex'
open source     > level 2, order 8, name 'preface.tex'
structure       > sectioning > title @ level 2 : 0.0 -> 自序
publications    > analyzing previous publication run for 'default'
close source    > level 2, order 8, name 'preface.tex'
pages           > flushing realpage 2, userpage 1, subpage 2
structure       > sectioning > TOC @ level 2 : 0.0 -> 目录
pages           > flushing realpage 3, userpage 2, subpage 3
structures      > end of sectionblock 'frontpart'
pages           > flushing realpage 4, userpage 3, subpage 4
structures      > begin of sectionblock 'bodypart'
open source     > level 2, order 9, name '01.tex'
structures      > bookmark: 不怕命令行
structure       > sectioning > chapter @ level 2 : 0.1 -> 不怕命令行 
structure       > sectioning > section @ level 3 : 0.1.1 -> 任务
structures      > bookmark: Windows 命令行
structure       > sectioning > section @ level 3 : 0.1.2 -> Windows 命令行
floatblocks     > '3' placed (here)
pages           > flushing realpage 5, userpage 1, subpage 5
pages           > flushing realpage 6, userpage 2, subpage 6
structures      > bookmark: Linux 终端
structure       > sectioning > section @ level 3 : 0.1.3 -> Linux 终端
pages           > flushing realpage 7, userpage 3, subpage 7
structures      > bookmark: macOS 终端
structure       > sectioning > section @ level 3 : 0.1.4 -> macOS 终端
fonts           > bodyfont '9.75pt' is defined (can better be done global)
fonts           > bodyfont '11.7pt' is defined (can better be done global)
fonts           > bodyfont '7.8pt' is defined (can better be done global)
2:4: [package: overfull \hbox (0.28552pt too wide) in paragraph at lines 158--160]
structures      > bookmark: 安装 ConTEXt LMTX
structure       > sectioning > section @ level 3 : 0.1.5 -> 安装 \ConTeXt \ LMTX
pages           > flushing realpage 8, userpage 4, subpage 8
structure       > sectioning > section @ level 3 : 0.1.6 -> 投机取巧
pages           > flushing realpage 9, userpage 5, subpage 9
structure       > sectioning > section @ level 3 : 0.1.7 -> 小结
close source    > level 2, order 9, name '01.tex'
open source     > level 2, order 10, name '02.tex'
pages           > flushing realpage 10, userpage 6, subpage 10
structure       > sectioning > chapter @ level 2 : 0.2 -> 沙盘游戏
structure       > sectioning > section @ level 3 : 0.2.1 -> 新手村
5:5: [package: overfull \hbox (10.91365pt too wide) detected at line 36]
floatblocks     > order disturbed
floatblocks     > '4' placed (force)
structure       > sectioning > section @ level 3 : 0.2.2 -> 伪文字
pages           > flushing realpage 11, userpage 7, subpage 11
5:5: [package: overfull \hbox (10.91365pt too wide) detected at line 53]
floatblocks     > order disturbed
floatblocks     > '5' placed (force)
5:5: [package: overfull \hbox (10.91365pt too wide) detected at line 62]
floatblocks     > order disturbed
floatblocks     > '6' placed (force)
structure       > sectioning > section @ level 3 : 0.2.3 -> 注释
structure       > sectioning > section @ level 3 : 0.2.4 -> 换行符
5:5: [package: overfull \hbox (10.91365pt too wide) detected at line 99]
floatblocks     > order disturbed
floatblocks     > '7' placed (force)
structure       > sectioning > section @ level 3 : 0.2.5 -> 分段
pages           > flushing realpage 12, userpage 8, subpage 12
5:5: [package: overfull \hbox (10.91365pt too wide) detected at line 114]
floatblocks     > order disturbed
floatblocks     > '8' placed (force)
5:5: [package: overfull \hbox (68.67198pt too wide) detected at line 126]
floatblocks     > order disturbed
floatblocks     > '9' placed (force)
5:5: [package: overfull \hbox (68.67198pt too wide) detected at line 139]
floatblocks     > order disturbed
floatblocks     > '10' placed (force)
pages           > flushing realpage 13, userpage 9, subpage 13
5:5: [package: overfull \hbox (68.67198pt too wide) detected at line 154]
floatblocks     > order disturbed
floatblocks     > '11' placed (force)
5:5: [package: overfull \hbox (68.67198pt too wide) detected at line 168]
floatblocks     > order disturbed
floatblocks     > '12' placed (force)
structure       > sectioning > section @ level 3 : 0.2.6 -> 行间距
5:5: [package: overfull \hbox (68.67198pt too wide) detected at line 185]
floatblocks     > order disturbed
floatblocks     > '13' placed (force)
pages           > flushing realpage 14, userpage 10, subpage 14
structure       > sectioning > section @ level 3 : 0.2.7 -> 对齐
5:5: [package: overfull \hbox (5.13782pt too wide) detected at line 210]
floatblocks     > order disturbed
floatblocks     > '14' placed (force)
5:5: [package: overfull \hbox (68.67198pt too wide) detected at line 228]
floatblocks     > order disturbed
floatblocks     > '15' placed (force)
structure       > sectioning > section @ level 3 : 0.2.8 -> 写一封谁也看不懂的信
pages           > flushing realpage 15, userpage 11, subpage 15
5:5: [package: overfull \hbox (28.24115pt too wide) detected at line 251]
floatblocks     > order disturbed
floatblocks     > '16' placed (force)
structure       > sectioning > section @ level 3 : 0.2.9 -> 小结
close source    > level 2, order 10, name '02.tex'
open source     > level 2, order 11, name '03.tex'
pages           > flushing realpage 16, userpage 12, subpage 16
structure       > sectioning > chapter @ level 2 : 0.3 -> 汉字
structure       > sectioning > section @ level 3 : 0.3.1 -> 安装字体
floatblocks     > '17' placed (here)
floatblocks     > 1 saved
pages           > flushing realpage 17, userpage 13, subpage 17
floatblocks     > 1 moved
floatblocks     > '18' moved
structure       > sectioning > section @ level 3 : 0.3.2 -> 字体的定义与使用
pages           > flushing realpage 18, userpage 14, subpage 18
5:5: [package: overfull \hbox (34.01698pt too wide) detected at line 76]
floatblocks     > order disturbed
floatblocks     > '19' placed (force)
structure       > sectioning > section @ level 3 : 0.3.3 -> 中文断行
5:5: [package: overfull \hbox (57.12032pt too wide) detected at line 92]
floatblocks     > order disturbed
floatblocks     > '20' placed (force)
5:5: [package: overfull \hbox (57.12032pt too wide) detected at line 104]
floatblocks     > order disturbed
floatblocks     > '21' placed (force)
pages           > flushing realpage 19, userpage 15, subpage 19
5:5: [package: overfull \hbox (57.12032pt too wide) detected at line 116]
floatblocks     > order disturbed
floatblocks     > '22' placed (force)
5:5: [package: overfull \hbox (62.2563pt too wide) detected at line 138]
floatblocks     > order disturbed
floatblocks     > '23' placed (force)
pages           > flushing realpage 20, userpage 16, subpage 20
structure       > sectioning > section @ level 3 : 0.3.4 -> 写一封真正的信
5:5: [package: overfull \hbox (57.12032pt too wide) detected at line 175]
floatblocks     > order disturbed
floatblocks     > '24' placed (force)
structure       > sectioning > section @ level 3 : 0.3.5 -> 字族
pages           > flushing realpage 21, userpage 17, subpage 21
5:5: [package: overfull \hbox (22.46532pt too wide) detected at line 206]
floatblocks     > order disturbed
floatblocks     > '25' placed (force)
5:5: [package: overfull \hbox (5.13782pt too wide) detected at line 214]
floatblocks     > order disturbed
floatblocks     > '26' placed (force)
pages           > flushing realpage 22, userpage 18, subpage 22
5:5: [package: overfull \hbox (28.24115pt too wide) detected at line 226]
floatblocks     > order disturbed
floatblocks     > '27' placed (force)
5:5: [package: overfull \hbox (28.24115pt too wide) detected at line 236]
floatblocks     > order disturbed
floatblocks     > '28' placed (force)
structure       > sectioning > section @ level 3 : 0.3.6 -> 定义汉字字族
5:5: [package: overfull \hbox (57.12032pt too wide) detected at line 252]
floatblocks     > order disturbed
floatblocks     > '29' placed (force)
pages           > flushing realpage 23, userpage 19, subpage 23
structure       > sectioning > section @ level 3 : 0.3.7 -> 字形替换
floatblocks     > '30' placed (here)
pages           > flushing realpage 24, userpage 20, subpage 24
5:5: [package: overfull \hbox (5.13782pt too wide) detected at line 315]
floatblocks     > order disturbed
floatblocks     > '31' placed (force)
structure       > sectioning > section @ level 3 : 0.3.8 -> 小结
close source    > level 2, order 11, name '03.tex'
open source     > level 2, order 12, name '04.tex'
pages           > flushing realpage 25, userpage 21, subpage 25
structure       > sectioning > chapter @ level 2 : 0.4 -> 让文章有它该有的样子
structure       > sectioning > section @ level 3 : 0.4.1 -> 标题
structure       > sectioning > section @ level 3 : 0.4.2 -> 写一篇散文
5:5: [package: overfull \hbox (9.98131pt too wide) detected at line 48]
floatblocks     > order disturbed
floatblocks     > '32' placed (force)
pages           > flushing realpage 26, userpage 22, subpage 26
5:5: [package: underfull \hbox (badness 2269) detected at line 60]
floatblocks     > order disturbed
floatblocks     > '33' placed (force)
5:5: [package: underfull \hbox (badness 10000) detected at line 69]
floatblocks     > order disturbed
floatblocks     > '34' placed (force)
pages           > flushing realpage 27, userpage 23, subpage 27
5:5: [package: overfull \hbox (45.56865pt too wide) detected at line 94]
floatblocks     > order disturbed
floatblocks     > '35' placed (force)
floatblocks     > order disturbed
floatblocks     > '36' placed (force)
structures      > bookmark: 正式踏入 ConTEXt 世界
structure       > sectioning > section @ level 3 : 0.4.3 -> 正式踏入 \ConTeXt \ 世界
pages           > flushing realpage 28, userpage 24, subpage 28
structure       > sectioning > section @ level 3 : 0.4.4 -> 内容与样式分离
floatblocks     > 2 saved
pages           > flushing realpage 29, userpage 25, subpage 29
floatblocks     > 2 moved
floatblocks     > '37' moved
structure       > sectioning > section @ level 3 : 0.4.5 -> 页码
floatblocks     > '38' placed (here)
pages           > flushing realpage 30, userpage 26, subpage 30
structure       > sectioning > section @ level 3 : 0.4.6 -> 小结
close source    > level 2, order 12, name '04.tex'
open source     > level 2, order 13, name '05.tex'
pages           > flushing realpage 31, userpage 27, subpage 31
structure       > sectioning > chapter @ level 2 : 0.5 -> 列表
structures      > bookmark: Todo List
structure       > sectioning > section @ level 3 : 0.5.1 -> Todo List
5:5: [package: overfull \hbox (27.68724pt too wide) detected at line 16]
floatblocks     > order disturbed
floatblocks     > '39' placed (force)
structure       > sectioning > section @ level 3 : 0.5.2 -> 无序号列表
5:5: [package: overfull \hbox (27.68724pt too wide) detected at line 39]
floatblocks     > order disturbed
floatblocks     > '40' placed (force)
structure       > sectioning > section @ level 3 : 0.5.3 -> 有序号列表
5:5: [package: overfull \hbox (27.68724pt too wide) detected at line 51]
floatblocks     > order disturbed
floatblocks     > '41' placed (force)
pages           > flushing realpage 32, userpage 28, subpage 32
5:5: [package: overfull \hbox (39.79282pt too wide) detected at line 61]
floatblocks     > order disturbed
floatblocks     > '42' placed (force)
structure       > sectioning > section @ level 3 : 0.5.4 -> 自定义符号列表
5:5: [package: overfull \hbox (62.89615pt too wide) detected at line 86]
floatblocks     > order disturbed
floatblocks     > '43' placed (force)
pages           > flushing realpage 33, userpage 29, subpage 33
5:5: [package: overfull \hbox (68.67198pt too wide) detected at line 116]
floatblocks     > order disturbed
floatblocks     > '44' placed (force)
structure       > sectioning > section @ level 3 : 0.5.5 -> 间距调整
5:5: [package: overfull \hbox (27.68724pt too wide) detected at line 131]
floatblocks     > order disturbed
floatblocks     > '45' placed (force)
5:5: [package: overfull \hbox (27.68724pt too wide) detected at line 142]
floatblocks     > order disturbed
floatblocks     > '46' placed (force)
structure       > sectioning > section @ level 3 : 0.5.6 -> 小结
pages           > flushing realpage 34, userpage 30, subpage 34
close source    > level 2, order 13, name '05.tex'
open source     > level 2, order 14, name '06.tex'
pages           > flushing realpage 35, userpage 31, subpage 35
structure       > sectioning > chapter @ level 2 : 0.6 -> 参考文献
structures      > bookmark: BIBTEX
structure       > sectioning > section @ level 3 : 0.6.1 -> \BibTeX 
pages           > flushing realpage 36, userpage 32, subpage 36
structure       > sectioning > section @ level 3 : 0.6.2 -> 文献列表样式
structure       > sectioning > section @ level 3 : 0.6.3 -> 自定义文献列表样式
pages           > flushing realpage 37, userpage 33, subpage 37
pages           > flushing realpage 38, userpage 34, subpage 38
pages           > flushing realpage 39, userpage 35, subpage 39
structure       > sectioning > section @ level 3 : 0.6.4 -> 小结
close source    > level 2, order 14, name '06.tex'
open source     > level 2, order 15, name '07.tex'
pages           > flushing realpage 40, userpage 36, subpage 40
structure       > sectioning > chapter @ level 2 : 0.7 -> 数学环境
structure       > sectioning > section @ level 3 : 0.7.1 -> 两种模式
structure       > sectioning > section @ level 3 : 0.7.2 -> 公式编号
pages           > flushing realpage 41, userpage 37, subpage 41
structure       > sectioning > section @ level 3 : 0.7.3 -> 定理和证明
pages           > flushing realpage 42, userpage 38, subpage 42
11:12: [package: overfull \hbox (3.29443pt too wide) in paragraph at lines 5--94]
structure       > sectioning > section @ level 3 : 0.7.4 -> 小结
close source    > level 2, order 15, name '07.tex'
open source     > level 2, order 16, name '08.tex'
pages           > flushing realpage 43, userpage 39, subpage 43
structure       > sectioning > chapter @ level 2 : 0.8 -> 插图
structure       > sectioning > section @ level 3 : 0.8.1 -> 位图
pages           > flushing realpage 44, userpage 40, subpage 44
pages           > flushing realpage 45, userpage 41, subpage 45
structure       > sectioning > section @ level 3 : 0.8.2 -> 矢量图
structure       > sectioning > section @ level 3 : 0.8.3 -> 宏
pages           > flushing realpage 46, userpage 42, subpage 46
structures      > bookmark: \placefigure
structure       > sectioning > section @ level 3 : 0.8.4 -> \type {\placefigure }
structure       > sectioning > subsection @ level 4 : 0.8.4.1 -> 插图标题样式
pages           > flushing realpage 47, userpage 43, subpage 47
structure       > sectioning > subsection @ level 4 : 0.8.4.2 -> 插图位置
structure       > sectioning > subsection @ level 4 : 0.8.4.3 -> 引用
pages           > flushing realpage 48, userpage 44, subpage 48
structure       > sectioning > section @ level 3 : 0.8.5 -> 阵列
pages           > flushing realpage 49, userpage 45, subpage 49
pages           > flushing realpage 50, userpage 46, subpage 50
structure       > sectioning > section @ level 3 : 0.8.6 -> 图片目录
structures      > bookmark: MetaFun
structure       > sectioning > section @ level 3 : 0.8.7 -> \MetaFun 
pages           > flushing realpage 51, userpage 47, subpage 51
structure       > sectioning > section @ level 3 : 0.8.8 -> 小结
close source    > level 2, order 16, name '08.tex'
open source     > level 2, order 17, name '09.tex'
pages           > flushing realpage 52, userpage 48, subpage 52
structure       > sectioning > chapter @ level 2 : 0.9 -> 表格
structure       > sectioning > section @ level 3 : 0.9.1 -> 基本用法
pages           > flushing realpage 53, userpage 49, subpage 53
floatblocks     > '47' placed (here)
structure       > sectioning > section @ level 3 : 0.9.2 -> 间距调整
pages           > flushing realpage 54, userpage 50, subpage 54
pages           > flushing realpage 55, userpage 51, subpage 55
structures      > bookmark: \placetable
structure       > sectioning > section @ level 3 : 0.9.3 -> \type {\placetable }
pages           > flushing realpage 56, userpage 52, subpage 56
structure       > sectioning > section @ level 3 : 0.9.4 -> 不传之秘
pages           > flushing realpage 57, userpage 53, subpage 57
pages           > flushing realpage 58, userpage 54, subpage 58
floatblocks     > '48' placed (here)
structure       > sectioning > section @ level 3 : 0.9.5 -> 小结
close source    > level 2, order 17, name '09.tex'
open source     > level 2, order 18, name '10.tex'
pages           > flushing realpage 59, userpage 55, subpage 59
structure       > sectioning > chapter @ level 2 : 0.10 -> 盒子
structures      > bookmark: TEX 盒子
structure       > sectioning > section @ level 3 : 0.10.1 -> \TeX \ 盒子
5:5: [package: overfull \hbox (196.25865pt too wide) detected at line 16]
floatblocks     > order disturbed
floatblocks     > '49' placed (force)
pages           > flushing realpage 60, userpage 56, subpage 60
2:4: [package: underfull \hbox (badness 10000) detected at line 43]
structures      > bookmark: ConTEXt 盒子
structure       > sectioning > section @ level 3 : 0.10.2 -> \ConTeXt \ 盒子
pages           > flushing realpage 61, userpage 57, subpage 61
2:4: [package: underfull \hbox (badness 10000) detected at line 110]
structure       > sectioning > section @ level 3 : 0.10.3 -> 对齐
pages           > flushing realpage 62, userpage 58, subpage 62
structure       > sectioning > section @ level 3 : 0.10.4 -> 背景
structure       > sectioning > section @ level 3 : 0.10.5 -> 盒子的深度
pages           > flushing realpage 63, userpage 59, subpage 63
floatblocks     > order disturbed
floatblocks     > '50' placed (force)
pages           > flushing realpage 64, userpage 60, subpage 64
structure       > sectioning > section @ level 3 : 0.10.6 -> 小结
close source    > level 2, order 18, name '10.tex'
open source     > level 2, order 19, name '11.tex'
pages           > flushing realpage 65, userpage 61, subpage 65
structures      > bookmark: 学一点 MetaPost
structure       > sectioning > chapter @ level 2 : 0.11 -> 学一点 \METAPOST 
structure       > sectioning > section @ level 3 : 0.11.1 -> 作图环境
structure       > sectioning > section @ level 3 : 0.11.2 -> 画一个盒子
pages           > flushing realpage 66, userpage 62, subpage 66
pages           > flushing realpage 67, userpage 63, subpage 67
structure       > sectioning > section @ level 3 : 0.11.3 -> 颜色
pages           > flushing realpage 68, userpage 64, subpage 68
structure       > sectioning > section @ level 3 : 0.11.4 -> 文字
pages           > flushing realpage 69, userpage 65, subpage 69
structure       > sectioning > section @ level 3 : 0.11.5 -> 方向路径
pages           > flushing realpage 70, userpage 66, subpage 70
structure       > sectioning > section @ level 3 : 0.11.6 -> 画面
pages           > flushing realpage 71, userpage 67, subpage 71
structure       > sectioning > section @ level 3 : 0.11.7 -> 宏
structure       > sectioning > section @ level 3 : 0.11.8 -> 画一幅简单的流程图
pages           > flushing realpage 72, userpage 68, subpage 72
pages           > flushing realpage 73, userpage 69, subpage 73
pages           > flushing realpage 74, userpage 70, subpage 74
structure       > sectioning > section @ level 3 : 0.11.9 -> 代码简化
pages           > flushing realpage 75, userpage 71, subpage 75
pages           > flushing realpage 76, userpage 72, subpage 76
pages           > flushing realpage 77, userpage 73, subpage 77
structure       > sectioning > section @ level 3 : 0.11.10 -> 层层叠叠
structures      > bookmark: overlay
structure       > sectioning > subsection @ level 4 : 0.11.10.1 -> overlay
pages           > flushing realpage 78, userpage 74, subpage 78
structure       > sectioning > subsection @ level 4 : 0.11.10.2 -> 层
pages           > flushing realpage 79, userpage 75, subpage 79
5:6: [package: overfull \hbox (7.75859pt too wide) in paragraph at lines 767--767]
pages           > flushing realpage 80, userpage 76, subpage 80
structure       > sectioning > section @ level 3 : 0.11.11 -> 小结
close source    > level 2, order 19, name '11.tex'
open source     > level 2, order 20, name '12.tex'
pages           > flushing realpage 81, userpage 77, subpage 81
structure       > sectioning > chapter @ level 2 : 0.12 -> 幻灯片
structure       > sectioning > section @ level 3 : 0.12.1 -> 纸面尺寸
structure       > sectioning > section @ level 3 : 0.12.2 -> 页面布局
pages           > flushing realpage 82, userpage 78, subpage 82
floatblocks     > '51' placed (here)
floatblocks     > 3 saved
pages           > flushing realpage 83, userpage 79, subpage 83
floatblocks     > 3 moved
floatblocks     > '52' moved
pages           > flushing realpage 84, userpage 80, subpage 84
structure       > sectioning > section @ level 3 : 0.12.3 -> 字体
structure       > sectioning > section @ level 3 : 0.12.4 -> 常规样式
pages           > flushing realpage 85, userpage 81, subpage 85
pages           > flushing realpage 86, userpage 82, subpage 86
structure       > sectioning > section @ level 3 : 0.12.5 -> 页脚
pages           > flushing realpage 87, userpage 83, subpage 87
floatblocks     > '53' placed (here)
structure       > sectioning > section @ level 3 : 0.12.6 -> 进度条
pages           > flushing realpage 88, userpage 84, subpage 88
floatblocks     > '54' placed (here)
structure       > sectioning > section @ level 3 : 0.12.7 -> 封面和致谢
floatblocks     > 4 saved
structure       > sectioning > section @ level 3 : 0.12.8 -> 不要太刺眼
floatblocks     > 5 saved
structure       > sectioning > section @ level 3 : 0.12.9 -> 小结
close source    > level 2, order 20, name '12.tex'
open source     > level 2, order 21, name '13.tex'
pages           > flushing realpage 89, userpage 85, subpage 89
floatblocks     > 4 moved
floatblocks     > '55' moved
floatblocks     > 5 moved
floatblocks     > '56' moved
pages           > flushing realpage 90, userpage 86, subpage 90
structure       > sectioning > chapter @ level 2 : 0.13 -> 写一本书？
structure       > sectioning > section @ level 3 : 0.13.1 -> 书的内容结构
structure       > sectioning > section @ level 3 : 0.13.2 -> 文件结构
pages           > flushing realpage 91, userpage 87, subpage 91
structure       > sectioning > section @ level 3 : 0.13.3 -> 样式
structure       > sectioning > section @ level 3 : 0.13.4 -> 目录
pages           > flushing realpage 92, userpage 88, subpage 92
pages           > flushing realpage 93, userpage 89, subpage 93
structure       > sectioning > section @ level 3 : 0.13.5 -> 让无编号标题进入目录
structure       > sectioning > section @ level 3 : 0.13.6 -> 书签
pages           > flushing realpage 94, userpage 90, subpage 94
floatblocks     > '57' placed (here)
structure       > sectioning > section @ level 3 : 0.13.7 -> 引用
pages           > flushing realpage 95, userpage 91, subpage 95
references      > redundant reference 'myref'
structure       > sectioning > section @ level 3 : 0.13.8 -> 索引
pages           > flushing realpage 96, userpage 92, subpage 96
structure       > sectioning > section @ level 3 : 0.13.9 -> 小结
close source    > level 2, order 21, name '13.tex'
structures      > end of sectionblock 'bodypart'
pages           > flushing realpage 97, userpage 93, subpage 97
structures      > begin of sectionblock 'backpart'
open source     > level 2, order 22, name 'postscript.tex'
structure       > sectioning > title @ level 2 : 0.0 -> 跋
close source    > level 2, order 22, name 'postscript.tex'
structures      > end of sectionblock 'backpart'
pages           > flushing realpage 98, userpage 94, subpage 98
structures      > begin of sectionblock 'appendix'
open source     > level 2, order 23, name 'zhfonts.tex'
structures      > bookmark: zhfonts 模块
structure       > sectioning > title @ level 2 : 0.0 -> zhfonts 模块
structure       > sectioning > section @ level 3 : 0.0.1 -> 标点间距微调
floatblocks     > 6 saved
floatblocks     > 7 saved
structures      > bookmark: 安装 zhfonts 模块
structure       > sectioning > section @ level 3 : 0.0.2 -> 安装 zhfonts 模块
pages           > flushing realpage 99, userpage 95, subpage 99
floatblocks     > 6 moved
floatblocks     > '58' moved
floatblocks     > 7 moved
floatblocks     > '59' moved
structure       > sectioning > section @ level 3 : 0.0.3 -> 基本用法
pages           > flushing realpage 100, userpage 96, subpage 100
floatblocks     > '60' placed (here)
floatblocks     > '61' placed (here)
structures      > bookmark: \setupzhfonts
structure       > sectioning > section @ level 3 : 0.0.4 -> \type {\setupzhfonts }
pages           > flushing realpage 101, userpage 97, subpage 101
floatblocks     > '62' placed (here)
structure       > sectioning > section @ level 3 : 0.0.5 -> 小结
close source    > level 2, order 23, name 'zhfonts.tex'
pages           > flushing realpage 102, userpage 98, subpage 102
structure       > sectioning > title @ level 2 : 0.0 -> 参考文献
publications    > list > collecting entries using method 'global' and sort order 'default'
publications    > unknown command 'ConTeXt', using built-in context variant 'ConTeXt'
publications    > unknown command 'MetaPost', using built-in context variant 'MetaPost'
structures      > end of sectionblock 'appendix'
pages           > flushing realpage 103, userpage 99, subpage 103
close source    > level 1, order 23, name './ctxnotes.tex'
backend         > bookmarks > confusing level change at level 3 around '1 不怕命令行'
backend         > bookmarks > confusing level change at level 3 around '跋'
backend         > bookmarks > confusing level change at level 3 around 'zhfonts 模块'
system          > start used files
system          > text: ctxnotes
system          >   environment: doc-env
system          > stop used files
system          > start used files
system          >    1: filename=publ-imp-default.lua filetype=scripts foundname=/home/garfileo/opt/context/tex/texmf-context/tex/context/base/mkiv/publ-imp-default.lua fullname=/home/garfileo/opt/context/tex/texmf-context/tex/context/base/mkiv/publ-imp-default.lua usedmethod=database
system          >    2: filename=cont-new.mkxl filetype=tex foundname=/home/garfileo/opt/context/tex/texmf-context/tex/context/base/mkxl/cont-new.mkxl fullname=/home/garfileo/opt/context/tex/texmf-context/tex/context/base/mkxl/cont-new.mkxl usedmethod=database
system          >    3: filename=lang-exc.lua filetype=scripts foundname=/home/garfileo/opt/context/tex/texmf-context/tex/context/base/mkiv/lang-exc.lua fullname=/home/garfileo/opt/context/tex/texmf-context/tex/context/base/mkiv/lang-exc.lua usedmethod=database
system          >    4: filename=lang-us.lua filetype=scripts foundname=/home/garfileo/opt/context/tex/texmf-context/tex/context/patterns/mkiv/lang-us.lua fullname=/home/garfileo/opt/context/tex/texmf-context/tex/context/patterns/mkiv/lang-us.lua usedmethod=database
system          >    5: filename=/home/garfileo/public/ConTeXt-notes/src/ctxnotes.tex format=tex foundname=/home/garfileo/public/ConTeXt-notes/src/ctxnotes.tex fullname=/home/garfileo/public/ConTeXt-notes/src/ctxnotes.tex usedmethod=direct
system          >    6: filename=doc-env.tex format=tex foundname=doc-env.tex fullname=/home/garfileo/public/ConTeXt-notes/src/doc-env.tex usedmethod=direct
system          >    7: filename=t-zhfonts.mkiv filetype=tex foundname=/home/garfileo/opt/context/tex/texmf-local/tex/context/third/zhfonts/t-zhfonts.mkiv fullname=/home/garfileo/opt/context/tex/texmf-local/tex/context/third/zhfonts/t-zhfonts.mkiv usedmethod=database
system          >    8: filename=t-zhfonts.lua filetype=tex format=tex foundname=/home/garfileo/opt/context/tex/texmf-local/tex/context/third/zhfonts/t-zhfonts.lua fullname=/home/garfileo/opt/context/tex/texmf-local/tex/context/third/zhfonts/t-zhfonts.lua usedmethod=database
system          >    9: filename=t-zhspuncs.lua filetype=tex format=tex foundname=/home/garfileo/opt/context/tex/texmf-local/tex/context/third/zhfonts/t-zhspuncs.lua fullname=/home/garfileo/opt/context/tex/texmf-local/tex/context/third/zhfonts/t-zhspuncs.lua usedmethod=database
system          >   10: filename=colo-imp-svg.mkiv filetype=tex foundname=/home/garfileo/opt/context/tex/texmf-context/tex/context/base/mkiv/colo-imp-svg.mkiv fullname=/home/garfileo/opt/context/tex/texmf-context/tex/context/base/mkiv/colo-imp-svg.mkiv usedmethod=database
system          >   11: filename=lmmono10-regular filetype=otf format=otf foundname=/home/garfileo/opt/context/tex/texmf/fonts/data/gust/lm/lmmono10-regular.otf fullname=/home/garfileo/opt/context/tex/texmf/fonts/data/gust/lm/lmmono10-regular.otf usedmethod=database
system          >   12: filename=bib-style.tex format=tex foundname=bib-style.tex fullname=/home/garfileo/public/ConTeXt-notes/src/bib-style.tex usedmethod=direct
system          >   13: filename=ctxnotes.bib format=bib foundname=ctxnotes.bib fullname=/home/garfileo/public/ConTeXt-notes/src/ctxnotes.bib usedmethod=direct
system          >   14: filename=t-zhfonts.template filetype=tex foundname=/home/garfileo/opt/context/tex/texmf-local/tex/context/third/zhfonts/t-zhfonts.template fullname=/home/garfileo/opt/context/tex/texmf-local/tex/context/third/zhfonts/t-zhfonts.template usedmethod=database
system          >   15: filename=lm.lfg filetype=tex foundname=/home/garfileo/opt/context/tex/texmf-context/tex/context/fonts/mkiv/lm.lfg fullname=/home/garfileo/opt/context/tex/texmf-context/tex/context/fonts/mkiv/lm.lfg usedmethod=database
system          >   16: filename=lmroman10-regular.otf filetype=otf format=otf foundname=/home/garfileo/opt/context/tex/texmf/fonts/data/gust/lm/lmroman10-regular.otf fullname=/home/garfileo/opt/context/tex/texmf/fonts/data/gust/lm/lmroman10-regular.otf usedmethod=database
system          >   17: filename=simsun.ttc filetype=ttc format=ttc foundname=/home/garfileo/opt/context/tex/texmf-local/fonts/truetype/msfonts/simsun.ttc fullname=/home/garfileo/opt/context/tex/texmf-local/fonts/truetype/msfonts/simsun.ttc usedmethod=otherwise
system          >   18: filename=latinmodern-math.otf filetype=otf format=otf foundname=/home/garfileo/opt/context/tex/texmf/fonts/data/gust/lm/latinmodern-math.otf fullname=/home/garfileo/opt/context/tex/texmf/fonts/data/gust/lm/latinmodern-math.otf usedmethod=database
system          >   19: filename=modern-math.lfg filetype=tex foundname=/home/garfileo/opt/context/tex/texmf-context/tex/context/fonts/mkiv/modern-math.lfg fullname=/home/garfileo/opt/context/tex/texmf-context/tex/context/fonts/mkiv/modern-math.lfg usedmethod=database
system          >   20: filename=common-math.lfg filetype=tex foundname=/home/garfileo/opt/context/tex/texmf-context/tex/context/fonts/mkiv/common-math.lfg fullname=/home/garfileo/opt/context/tex/texmf-context/tex/context/fonts/mkiv/common-math.lfg usedmethod=database
system          >   21: filename=cover.tex format=tex foundname=cover.tex fullname=/home/garfileo/public/ConTeXt-notes/src/cover.tex usedmethod=direct
system          >   22: filename=lmroman10-bold.otf filetype=otf format=otf foundname=/home/garfileo/opt/context/tex/texmf/fonts/data/gust/lm/lmroman10-bold.otf fullname=/home/garfileo/opt/context/tex/texmf/fonts/data/gust/lm/lmroman10-bold.otf usedmethod=database
system          >   23: filename=simhei.ttf filetype=ttf format=ttf foundname=/home/garfileo/opt/context/tex/texmf-local/fonts/truetype/msfonts/simhei.ttf fullname=/home/garfileo/opt/context/tex/texmf-local/fonts/truetype/msfonts/simhei.ttf usedmethod=database
system          >   24: filename=metafun.mpxl filetype=mp foundname=/home/garfileo/opt/context/tex/texmf-context/metapost/context/base/mpxl/metafun.mpxl fullname=/home/garfileo/opt/context/tex/texmf-context/metapost/context/base/mpxl/metafun.mpxl usedmethod=database
system          >   25: filename=mp-base.mpxl filetype=mp foundname=/home/garfileo/opt/context/tex/texmf-context/metapost/context/base/mpxl/mp-base.mpxl fullname=/home/garfileo/opt/context/tex/texmf-context/metapost/context/base/mpxl/mp-base.mpxl usedmethod=database
system          >   26: filename=mp-tool.mpxl filetype=mp foundname=/home/garfileo/opt/context/tex/texmf-context/metapost/context/base/mpxl/mp-tool.mpxl fullname=/home/garfileo/opt/context/tex/texmf-context/metapost/context/base/mpxl/mp-tool.mpxl usedmethod=database
system          >   27: filename=mp-luas.mpxl filetype=mp foundname=/home/garfileo/opt/context/tex/texmf-context/metapost/context/base/mpxl/mp-luas.mpxl fullname=/home/garfileo/opt/context/tex/texmf-context/metapost/context/base/mpxl/mp-luas.mpxl usedmethod=database
system          >   28: filename=mp-mlib.mpxl filetype=mp foundname=/home/garfileo/opt/context/tex/texmf-context/metapost/context/base/mpxl/mp-mlib.mpxl fullname=/home/garfileo/opt/context/tex/texmf-context/metapost/context/base/mpxl/mp-mlib.mpxl usedmethod=database
system          >   29: filename=mp-math.mpxl filetype=mp foundname=/home/garfileo/opt/context/tex/texmf-context/metapost/context/base/mpxl/mp-math.mpxl fullname=/home/garfileo/opt/context/tex/texmf-context/metapost/context/base/mpxl/mp-math.mpxl usedmethod=database
system          >   30: filename=mp-cont.mpxl filetype=mp foundname=/home/garfileo/opt/context/tex/texmf-context/metapost/context/base/mpxl/mp-cont.mpxl fullname=/home/garfileo/opt/context/tex/texmf-context/metapost/context/base/mpxl/mp-cont.mpxl usedmethod=database
system          >   31: filename=mp-page.mpxl filetype=mp foundname=/home/garfileo/opt/context/tex/texmf-context/metapost/context/base/mpxl/mp-page.mpxl fullname=/home/garfileo/opt/context/tex/texmf-context/metapost/context/base/mpxl/mp-page.mpxl usedmethod=database
system          >   32: filename=mp-butt.mpxl filetype=mp foundname=/home/garfileo/opt/context/tex/texmf-context/metapost/context/base/mpxl/mp-butt.mpxl fullname=/home/garfileo/opt/context/tex/texmf-context/metapost/context/base/mpxl/mp-butt.mpxl usedmethod=database
system          >   33: filename=mp-shap.mpxl filetype=mp foundname=/home/garfileo/opt/context/tex/texmf-context/metapost/context/base/mpxl/mp-shap.mpxl fullname=/home/garfileo/opt/context/tex/texmf-context/metapost/context/base/mpxl/mp-shap.mpxl usedmethod=database
system          >   34: filename=mp-grph.mpxl filetype=mp foundname=/home/garfileo/opt/context/tex/texmf-context/metapost/context/base/mpxl/mp-grph.mpxl fullname=/home/garfileo/opt/context/tex/texmf-context/metapost/context/base/mpxl/mp-grph.mpxl usedmethod=database
system          >   35: filename=mp-grid.mpxl filetype=mp foundname=/home/garfileo/opt/context/tex/texmf-context/metapost/context/base/mpxl/mp-grid.mpxl fullname=/home/garfileo/opt/context/tex/texmf-context/metapost/context/base/mpxl/mp-grid.mpxl usedmethod=database
system          >   36: filename=mp-form.mpxl filetype=mp foundname=/home/garfileo/opt/context/tex/texmf-context/metapost/context/base/mpxl/mp-form.mpxl fullname=/home/garfileo/opt/context/tex/texmf-context/metapost/context/base/mpxl/mp-form.mpxl usedmethod=database
system          >   37: filename=mp-figs.mpxl filetype=mp foundname=/home/garfileo/opt/context/tex/texmf-context/metapost/context/base/mpxl/mp-figs.mpxl fullname=/home/garfileo/opt/context/tex/texmf-context/metapost/context/base/mpxl/mp-figs.mpxl usedmethod=database
system          >   38: filename=mp-func.mpxl filetype=mp foundname=/home/garfileo/opt/context/tex/texmf-context/metapost/context/base/mpxl/mp-func.mpxl fullname=/home/garfileo/opt/context/tex/texmf-context/metapost/context/base/mpxl/mp-func.mpxl usedmethod=database
system          >   39: filename=mp-node.mpxl filetype=mp foundname=/home/garfileo/opt/context/tex/texmf-context/metapost/context/base/mpxl/mp-node.mpxl fullname=/home/garfileo/opt/context/tex/texmf-context/metapost/context/base/mpxl/mp-node.mpxl usedmethod=database
system          >   40: filename=mp-apos.mpxl filetype=mp foundname=/home/garfileo/opt/context/tex/texmf-context/metapost/context/base/mpxl/mp-apos.mpxl fullname=/home/garfileo/opt/context/tex/texmf-context/metapost/context/base/mpxl/mp-apos.mpxl usedmethod=database
system          >   41: filename=mp-abck.mpxl filetype=mp foundname=/home/garfileo/opt/context/tex/texmf-context/metapost/context/base/mpxl/mp-abck.mpxl fullname=/home/garfileo/opt/context/tex/texmf-context/metapost/context/base/mpxl/mp-abck.mpxl usedmethod=database
system          >   42: filename=mp-asnc.mpxl filetype=mp foundname=/home/garfileo/opt/context/tex/texmf-context/metapost/context/base/mpxl/mp-asnc.mpxl fullname=/home/garfileo/opt/context/tex/texmf-context/metapost/context/base/mpxl/mp-asnc.mpxl usedmethod=database
system          >   43: filename=mp-blob.mpxl filetype=mp foundname=/home/garfileo/opt/context/tex/texmf-context/metapost/context/base/mpxl/mp-blob.mpxl fullname=/home/garfileo/opt/context/tex/texmf-context/metapost/context/base/mpxl/mp-blob.mpxl usedmethod=database
system          >   44: filename=mp-lmtx.mpxl filetype=mp foundname=/home/garfileo/opt/context/tex/texmf-context/metapost/context/base/mpxl/mp-lmtx.mpxl fullname=/home/garfileo/opt/context/tex/texmf-context/metapost/context/base/mpxl/mp-lmtx.mpxl usedmethod=database
system          >   45: filename=mp-text.mpxl filetype=mp foundname=/home/garfileo/opt/context/tex/texmf-context/metapost/context/base/mpxl/mp-text.mpxl fullname=/home/garfileo/opt/context/tex/texmf-context/metapost/context/base/mpxl/mp-text.mpxl usedmethod=database
system          >   46: filename=lpdf-pdx.xml filetype=tex foundname=/home/garfileo/opt/context/tex/texmf-context/tex/context/base/mkiv/lpdf-pdx.xml fullname=/home/garfileo/opt/context/tex/texmf-context/tex/context/base/mkiv/lpdf-pdx.xml usedmethod=database
system          >   47: filename=preface.tex format=tex foundname=preface.tex fullname=/home/garfileo/public/ConTeXt-notes/src/preface.tex usedmethod=direct
system          >   48: filename=lmmonolt10-bold.otf filetype=otf format=otf foundname=/home/garfileo/opt/context/tex/texmf/fonts/data/gust/lm/lmmonolt10-bold.otf fullname=/home/garfileo/opt/context/tex/texmf/fonts/data/gust/lm/lmmonolt10-bold.otf usedmethod=database
system          >   49: filename=lmmono10-regular.otf filetype=otf format=otf foundname=/home/garfileo/opt/context/tex/texmf/fonts/data/gust/lm/lmmono10-regular.otf fullname=/home/garfileo/opt/context/tex/texmf/fonts/data/gust/lm/lmmono10-regular.otf usedmethod=database
system          >   50: filename=simkai.ttf filetype=ttf format=ttf foundname=/home/garfileo/opt/context/tex/texmf-local/fonts/truetype/msfonts/simkai.ttf fullname=/home/garfileo/opt/context/tex/texmf-local/fonts/truetype/msfonts/simkai.ttf usedmethod=database
system          >   51: filename=01.tex format=tex foundname=01.tex fullname=/home/garfileo/public/ConTeXt-notes/src/01.tex usedmethod=direct
system          >   52: filename=/home/garfileo/public/ConTeXt-notes/src/figures/01/win-r.jpg foundname=/home/garfileo/public/ConTeXt-notes/src/figures/01/win-r.jpg fullname=/home/garfileo/public/ConTeXt-notes/src/figures/01/win-r.jpg usedmethod=direct
system          >   53: filename=/home/garfileo/public/ConTeXt-notes/src/figures/01/cmd-window.png foundname=/home/garfileo/public/ConTeXt-notes/src/figures/01/cmd-window.png fullname=/home/garfileo/public/ConTeXt-notes/src/figures/01/cmd-window.png usedmethod=direct
system          >   54: filename=02.tex format=tex foundname=02.tex fullname=/home/garfileo/public/ConTeXt-notes/src/02.tex usedmethod=direct
system          >   55: filename=03.tex format=tex foundname=03.tex fullname=/home/garfileo/public/ConTeXt-notes/src/03.tex usedmethod=direct
system          >   56: filename=/home/garfileo/public/ConTeXt-notes/src/figures/03/msfonts.png foundname=/home/garfileo/public/ConTeXt-notes/src/figures/03/msfonts.png fullname=/home/garfileo/public/ConTeXt-notes/src/figures/03/msfonts.png usedmethod=direct
system          >   57: filename=/home/garfileo/public/ConTeXt-notes/src/figures/03/tex-root.png foundname=/home/garfileo/public/ConTeXt-notes/src/figures/03/tex-root.png fullname=/home/garfileo/public/ConTeXt-notes/src/figures/03/tex-root.png usedmethod=direct
system          >   58: filename=04.tex format=tex foundname=04.tex fullname=/home/garfileo/public/ConTeXt-notes/src/04.tex usedmethod=direct
system          >   59: filename=/home/garfileo/public/ConTeXt-notes/src/figures/04/style-file.png foundname=/home/garfileo/public/ConTeXt-notes/src/figures/04/style-file.png fullname=/home/garfileo/public/ConTeXt-notes/src/figures/04/style-file.png usedmethod=direct
system          >   60: filename=/home/garfileo/public/ConTeXt-notes/src/figures/04/pagenumber.png foundname=/home/garfileo/public/ConTeXt-notes/src/figures/04/pagenumber.png fullname=/home/garfileo/public/ConTeXt-notes/src/figures/04/pagenumber.png usedmethod=direct
system          >   61: filename=05.tex format=tex foundname=05.tex fullname=/home/garfileo/public/ConTeXt-notes/src/05.tex usedmethod=direct
system          >   62: filename=06.tex format=tex foundname=06.tex fullname=/home/garfileo/public/ConTeXt-notes/src/06.tex usedmethod=direct
system          >   63: filename=07.tex format=tex foundname=07.tex fullname=/home/garfileo/public/ConTeXt-notes/src/07.tex usedmethod=direct
system          >   64: filename=08.tex format=tex foundname=08.tex fullname=/home/garfileo/public/ConTeXt-notes/src/08.tex usedmethod=direct
system          >   65: filename=/home/garfileo/public/ConTeXt-notes/src/figures/08/ctxnotes.png foundname=/home/garfileo/public/ConTeXt-notes/src/figures/08/ctxnotes.png fullname=/home/garfileo/public/ConTeXt-notes/src/figures/08/ctxnotes.png usedmethod=direct
system          >   66: filename=/home/garfileo/public/ConTeXt-notes/src/figures/08/ctxnotes-2.png foundname=/home/garfileo/public/ConTeXt-notes/src/figures/08/ctxnotes-2.png fullname=/home/garfileo/public/ConTeXt-notes/src/figures/08/ctxnotes-2.png usedmethod=direct
system          >   67: filename=09.tex format=tex foundname=09.tex fullname=/home/garfileo/public/ConTeXt-notes/src/09.tex usedmethod=direct
system          >   68: filename=10.tex format=tex foundname=10.tex fullname=/home/garfileo/public/ConTeXt-notes/src/10.tex usedmethod=direct
system          >   69: filename=11.tex format=tex foundname=11.tex fullname=/home/garfileo/public/ConTeXt-notes/src/11.tex usedmethod=direct
system          >   70: filename=mult-mps.lua filetype=tex format=tex foundname=/home/garfileo/opt/context/tex/texmf-context/tex/context/base/mkiv/mult-mps.lua fullname=/home/garfileo/opt/context/tex/texmf-context/tex/context/base/mkiv/mult-mps.lua usedmethod=database
system          >   71: filename=/home/garfileo/public/ConTeXt-notes/src/figures/11/watermark.png foundname=/home/garfileo/public/ConTeXt-notes/src/figures/11/watermark.png fullname=/home/garfileo/public/ConTeXt-notes/src/figures/11/watermark.png usedmethod=direct
system          >   72: filename=12.tex format=tex foundname=12.tex fullname=/home/garfileo/public/ConTeXt-notes/src/12.tex usedmethod=direct
system          >   73: filename=13.tex format=tex foundname=13.tex fullname=/home/garfileo/public/ConTeXt-notes/src/13.tex usedmethod=direct
system          >   74: filename=/home/garfileo/public/ConTeXt-notes/src/figures/13/bookmarks.png foundname=/home/garfileo/public/ConTeXt-notes/src/figures/13/bookmarks.png fullname=/home/garfileo/public/ConTeXt-notes/src/figures/13/bookmarks.png usedmethod=direct
system          >   75: filename=lmromanslant10-regular filetype=otf format=otf foundname=/home/garfileo/opt/context/tex/texmf/fonts/data/gust/lm/lmromanslant10-regular.otf fullname=/home/garfileo/opt/context/tex/texmf/fonts/data/gust/lm/lmromanslant10-regular.otf usedmethod=database
system          >   76: filename=postscript.tex format=tex foundname=postscript.tex fullname=/home/garfileo/public/ConTeXt-notes/src/postscript.tex usedmethod=direct
system          >   77: filename=zhfonts.tex format=tex foundname=zhfonts.tex fullname=/home/garfileo/public/ConTeXt-notes/src/zhfonts.tex usedmethod=direct
system          > stop used files
system          > start commandline options
system          > currentrun="1"
system          > fulljobname="./ctxnotes.tex"
system          > input="./ctxnotes.tex"
system          > kindofrun="1"
system          > maxnofruns="9"
system          > texmfbinpath="/home/garfileo/opt/context/tex/texmf-linux-64/bin"
system          > stop commandline options
system          > start commandline files
system          >    1: ./ctxnotes.tex
system          > stop commandline files
modules         > start used modules
modules         > loaded : *-zhfonts
modules         > stop used modules
publications    > start used btx commands
publications    > default              ConTeXt                  9 known
publications    > default              MetaFun                  1 known
publications    > default              MetaPost                 1 known
publications    > stop used btx commands
system          > 
system          > status after finishing run
system          > 
system          >   -----------------------------------------------------------------------------------------------------------------------------------------------------------------------------------
system          >           string       pool       hash     lookup       node      token     buffer      input       file       nest  parameter       save       font   language       mark     insert
system          >   -----------------------------------------------------------------------------------------------------------------------------------------------------------------------------------
system          >   max    2097152  100000000    2097152    2097152  100000000   10000000  100000000     100000       2000      10000     100000     500000     100000      10000      10000        500
system          >   min     150000   10000000     150000     150000    2000000    1000000    1000000      10000        500       1000      20000     100000        250        250         50         10
system          >   set     500000   10000000     250000     250000   50000000   10000000   10000000     100000       2000      10000     100000     500000     100000        250        250        250
system          >   stp     100000    1000000     100000     100000     500000     250000    1000000      10000        250       1000      10000      10000        250        250         50         25
system          > 
system          >   mem     150000     997938     150000               2000000    1000000    1000000      10000        500       1000      20000      10000   49258808         96       1200        320
system          >   all    2400000     997938    2400000              18000000    8000000    1000000     320000      16000      72000      80000     160000   49258808         96      28800      10240
system          > 
system          >   ini    2145309     911965          0      48141          0     528465                                                                                       0                      
system          >   ptr      52374                 10825      52358                968752          0          0          0          0          0          0         52          0         28          7
system          >   top      52375                740853     131074      60201     602219       1470         45          9         19         47        837        250        250         50         10
system          >   -----------------------------------------------------------------------------------------------------------------------------------------------------------------------------------
system          > 
system          >   current input type    : initial
system          > 
system          >   approximate memory    : 92061930 (87 MB)
system          > 
system          >   expansion depth       : min: 10000, max: 1000000, set: 10000, top: 11
system          > 
system          >   luabytecode registers : 1008
system          >   luabytecode bytes     : 16144 (0 MB)
system          >   luastate bytes now    : 422004683 (402 MB)
system          >   luastate bytes max    : 422004683 (402 MB)
system          > 
system          >   file callbacks        : 5197
system          >   saved callbacks       : 145095
system          >   direct callbacks      : 175
system          >   function callbacks    : 26637
system          >   value callbacks       : 956
system          >   message callbacks     : 0
system          >   bytecode callbacks    : 613
system          > 
system          >   mp instances          : 1
system          >   mp estimated memory   : 4136856 (3 MB)
system          >   mp file callbacks     : 14402
system          >   mp text callbacks     : 0
system          >   mp script callbacks   : 497
system          >   mp log callbacks      : 625
system          > 
system          >   total callbacks       : 178673
system          >   mp total callbacks    : 15524
system          >   backend callbacks     : 0
system          > 
mkiv lua stats  > used config file: selfautoparent:/texmf/web2c/texmfcnf.lua
mkiv lua stats  > used cache path: /home/garfileo/opt/context/tex/texmf-cache/luametatex-cache/context/5fe67e0bfe781ce0dde776fb1556f32e
mkiv lua stats  > resource resolver: loadtime 0.005 seconds, 0 scans with scantime 0.000 seconds, 0 shared scans, 77 found files, scanned paths: <none>
mkiv lua stats  > stored bytecode data: 508 modules (0.217 sec), 105 tables (0.012 sec), 613 chunks (0.229 sec)
mkiv lua stats  > traced context: maxstack: 1680, freed: 4, unreachable: 1676
mkiv lua stats  > cleaned up reserved nodes: 122 nodes, 18 lists of 447
mkiv lua stats  > node memory usage: 73 attribute, 289 dir, 315 glue, 606 gluespec, 3 glyph, 4 hlist, 4 kern, 645 mathspec, 4 penalty, 2 temp
mkiv lua stats  > node list callback tasks: 13 unique task lists, 15 instances (re)created, 33296 calls
mkiv lua stats  > h-node processing time: 0.092 seconds including kernel
mkiv lua stats  > attribute processing time: 0.046 seconds front- and backend
mkiv lua stats  > driver time: 0.333 seconds 
mkiv lua stats  > used backend: pdf
mkiv lua stats  > jobdata time: 0.027 seconds saving, 0.007 seconds loading
mkiv lua stats  > callbacks: file: 5197, saved: 145095, direct: 175, function: 26637, value: 956, message: 0, bytecode: 613, late 0, total: 178673 (1735 per page)
mkiv lua stats  > randomizer: resumed with value 0.44379974953649
mkiv lua stats  > v-node processing time: 0.059 seconds 
mkiv lua stats  > loaded tex modules: 1 requested, all found (*-zhfonts)
mkiv lua stats  > loaded patterns: en::1, load time: 0.000
mkiv lua stats  > interactive elements: 283 references, 224 destinations
mkiv lua stats  > loaded fonts: 9 files: simhei.ttf, simkai.ttf, simsun.ttc, latinmodern-math.otf, lmmono10-regular.otf, lmmonolt10-bold.otf, lmroman10-bold.otf, lmroman10-regular.otf, lmromanslant10-regular.otf
mkiv lua stats  > font engine: otf 3.133, afm 1.513, tfm 1.000, 52 instances, 41 shared in backend, 5 common vectors, 36 common hashes, load time 1.684 seconds 
mkiv lua stats  > body font sizes: defined: 10pt 11pt 12pt 14.4pt 17.3pt 20.7pt 4pt 5pt 6pt 7pt 8pt 9pt, undefined: 11.7pt 7.8pt 9.75pt
mkiv lua stats  > metapost: 0.135 seconds, loading: 0.029, execution: 0.131, n: 104, average: 0.003, instances: 1, luacalls: 15524 (file: 14402, text: 0, script: 497, log: 625), memory: 3.945 M
mkiv lua stats  > math tweaking time: 0.179 seconds, 36 math goodie tables
mkiv lua stats  > graphics processing time: 0.191 seconds including tex, 94 processed images, 88 unique asked, 88 bad names
mkiv lua stats  > publications load time: 0.005 seconds, 2241 bytes, 14 definitions, 0 shortcuts
mkiv lua stats  > page group warning: transparencies are used but no pagecolormodel is set
mkiv lua stats  > pdf annotations: 283 links (283 unique), 0 special
mkiv lua stats  > font embedding time: 0.164 seconds, 8 fonts
mkiv lua stats  > result saved in file: ctxnotes.pdf, compresslevel 1, objectcompresslevel 3
mkiv lua stats  > positions: 1044 collected, 487 deltas, 979 shared partials, 19 partial entries
mkiv lua stats  > used platform: linux-64, type: unix, binary subtree: texmf-linux-64
mkiv lua stats  > used engine: luametatex version: 2.1008, functionality level: 20230320, format id: 686, compiler: gcc
mkiv lua stats  > tex properties: 740853 hash slots used of 2097152, 52358 control sequences, approximate memory usage: 87 MB
mkiv lua stats  > lua properties: engine: lua 5.4, used memory: 413 MB, ctx: 402 MB, max: 402 MB, symbol mask: utf (τεχ)
mkiv lua stats  > runtime: 4.960 seconds, 103 processed pages, 103 shipped pages, 20.764 pages/second
